#
# There is insufficient memory for the Java Runtime Environment to continue.
# Native memory allocation (mmap) failed to map 77070336 bytes for committing reserved memory.
# Possible reasons:
#   The system is out of physical RAM or swap space
#   The process is running with CompressedOops enabled, and the Java Heap may be blocking the growth of the native heap
# Possible solutions:
#   Reduce memory load on the system
#   Increase physical memory or swap space
#   Check if swap backing store is full
#   Decrease Java heap size (-Xmx/-Xms)
#   Decrease number of Java threads
#   Decrease Java thread stack sizes (-Xss)
#   Set larger code cache with -XX:ReservedCodeCacheSize=
# This output file may be truncated or incomplete.
#
#  Out of Memory Error (os_linux.cpp:2753), pid=7709, tid=0x00007f19e9253700
#
# JRE version:  (8.0_202-b39) (build )
# Java VM: OpenJDK 64-Bit Server VM (25.202-b39 mixed mode linux-amd64 compressed oops)
# Failed to write core dump. Core dumps have been disabled. To enable core dumping, try "ulimit -c unlimited" before starting Java again
#

---------------  T H R E A D  ---------------

Current thread (0x00007f19e000b800):  JavaThread "Unknown thread" [_thread_in_vm, id=7710, stack(0x00007f19e9154000,0x00007f19e9254000)]

Stack: [0x00007f19e9154000,0x00007f19e9254000],  sp=0x00007f19e92523e0,  free space=1016k
Native frames: (J=compiled Java code, j=interpreted, Vv=VM code, C=native code)
V  [libjvm.so+0xa4458e]  VMError::report_and_die()+0x14e
V  [libjvm.so+0x4dfff9]  report_vm_out_of_memory(char const*, int, unsigned long, VMErrorType, char const*)+0x99
V  [libjvm.so+0x8b4313]  os::Linux::commit_memory_impl(char*, unsigned long, bool)+0x113
V  [libjvm.so+0x8b4539]  os::pd_commit_memory(char*, unsigned long, unsigned long, bool)+0x29
V  [libjvm.so+0x8a95ca]  os::commit_memory(char*, unsigned long, unsigned long, bool)+0x2a
V  [libjvm.so+0x91906b]  PSVirtualSpace::expand_by(unsigned long)+0x6b
V  [libjvm.so+0x909659]  PSOldGen::initialize(ReservedSpace, unsigned long, char const*, int)+0xc9
V  [libjvm.so+0x2d224e]  AdjoiningGenerations::AdjoiningGenerations(ReservedSpace, GenerationSizer*, unsigned long)+0x38e
V  [libjvm.so+0x8d1197]  ParallelScavengeHeap::initialize()+0x1e7
V  [libjvm.so+0xa0efd1]  Universe::initialize_heap()+0x101
V  [libjvm.so+0xa10083]  universe_init()+0x33
V  [libjvm.so+0x60d435]  init_globals()+0x55
V  [libjvm.so+0x9f4aa7]  Threads::create_vm(JavaVMInitArgs*, bool*)+0x207
V  [libjvm.so+0x6723c4]  JNI_CreateJavaVM+0x74
C  [libjli.so+0x75f7]  JavaMain+0x87
C  [libpthread.so.0+0x76db]  start_thread+0xdb


---------------  P R O C E S S  ---------------

Java Threads: ( => current thread )

Other Threads:

=>0x00007f19e000b800 (exited) JavaThread "Unknown thread" [_thread_in_vm, id=7710, stack(0x00007f19e9154000,0x00007f19e9254000)]

VM state:not at safepoint (not fully initialized)

VM Mutex/Monitor currently owned by a thread: None

heap address: 0x0000000093200000, size: 1742 MB, Compressed Oops mode: Non-zero based:0x00000000931ff000
Narrow klass base: 0x0000000000000000, Narrow klass shift: 0

GC Heap History (0 events):
No events

Deoptimization events (0 events):
No events

Classes redefined (0 events):
No events

Internal exceptions (0 events):
No events

Events (0 events):
No events


Dynamic libraries:
00400000-00401000 r-xp 00000000 103:02 11666563                          /home/skeris/Загрузки/GoLand-2019.1/jre64/bin/java
00600000-00601000 rw-p 00000000 103:02 11666563                          /home/skeris/Загрузки/GoLand-2019.1/jre64/bin/java
0097a000-0099b000 rw-p 00000000 00:00 0                                  [heap]
97b80000-dbb80000 ---p 00000000 00:00 0 
dbb80000-de000000 rw-p 00000000 00:00 0 
de000000-100000000 ---p 00000000 00:00 0 
7f19d1000000-7f19d1270000 rwxp 00000000 00:00 0 
7f19d1270000-7f19e0000000 ---p 00000000 00:00 0 
7f19e0000000-7f19e0035000 rw-p 00000000 00:00 0 
7f19e0035000-7f19e4000000 ---p 00000000 00:00 0 
7f19e5979000-7f19e5b05000 rw-p 00000000 00:00 0 
7f19e5b05000-7f19e5d49000 ---p 00000000 00:00 0 
7f19e5d49000-7f19e5d5c000 rw-p 00000000 00:00 0 
7f19e5d5c000-7f19e5e6c000 ---p 00000000 00:00 0 
7f19e5e6c000-7f19e5e77000 rw-p 00000000 00:00 0 
7f19e5e77000-7f19e622d000 ---p 00000000 00:00 0 
7f19e622d000-7f19e6248000 r-xp 00000000 103:02 11666458                  /home/skeris/Загрузки/GoLand-2019.1/jre64/lib/amd64/libzip.so
7f19e6248000-7f19e6447000 ---p 0001b000 103:02 11666458                  /home/skeris/Загрузки/GoLand-2019.1/jre64/lib/amd64/libzip.so
7f19e6447000-7f19e6448000 rw-p 0001a000 103:02 11666458                  /home/skeris/Загрузки/GoLand-2019.1/jre64/lib/amd64/libzip.so
7f19e644d000-7f19e6458000 r-xp 00000000 103:02 660315                    /lib/x86_64-linux-gnu/libnss_files-2.27.so
7f19e6458000-7f19e6657000 ---p 0000b000 103:02 660315                    /lib/x86_64-linux-gnu/libnss_files-2.27.so
7f19e6657000-7f19e6658000 r--p 0000a000 103:02 660315                    /lib/x86_64-linux-gnu/libnss_files-2.27.so
7f19e6658000-7f19e6659000 rw-p 0000b000 103:02 660315                    /lib/x86_64-linux-gnu/libnss_files-2.27.so
7f19e6659000-7f19e665f000 rw-p 00000000 00:00 0 
7f19e6665000-7f19e667c000 r-xp 00000000 103:02 660309                    /lib/x86_64-linux-gnu/libnsl-2.27.so
7f19e667c000-7f19e687b000 ---p 00017000 103:02 660309                    /lib/x86_64-linux-gnu/libnsl-2.27.so
7f19e687b000-7f19e687c000 r--p 00016000 103:02 660309                    /lib/x86_64-linux-gnu/libnsl-2.27.so
7f19e687c000-7f19e687d000 rw-p 00017000 103:02 660309                    /lib/x86_64-linux-gnu/libnsl-2.27.so
7f19e687d000-7f19e687f000 rw-p 00000000 00:00 0 
7f19e6885000-7f19e6890000 r-xp 00000000 103:02 660325                    /lib/x86_64-linux-gnu/libnss_nis-2.27.so
7f19e6890000-7f19e6a8f000 ---p 0000b000 103:02 660325                    /lib/x86_64-linux-gnu/libnss_nis-2.27.so
7f19e6a8f000-7f19e6a90000 r--p 0000a000 103:02 660325                    /lib/x86_64-linux-gnu/libnss_nis-2.27.so
7f19e6a90000-7f19e6a91000 rw-p 0000b000 103:02 660325                    /lib/x86_64-linux-gnu/libnss_nis-2.27.so
7f19e6a95000-7f19e6a9d000 r-xp 00000000 103:02 660311                    /lib/x86_64-linux-gnu/libnss_compat-2.27.so
7f19e6a9d000-7f19e6c9d000 ---p 00008000 103:02 660311                    /lib/x86_64-linux-gnu/libnss_compat-2.27.so
7f19e6c9d000-7f19e6c9e000 r--p 00008000 103:02 660311                    /lib/x86_64-linux-gnu/libnss_compat-2.27.so
7f19e6c9e000-7f19e6c9f000 rw-p 00009000 103:02 660311                    /lib/x86_64-linux-gnu/libnss_compat-2.27.so
7f19e6ca5000-7f19e6ccf000 r-xp 00000000 103:02 11666428                  /home/skeris/Загрузки/GoLand-2019.1/jre64/lib/amd64/libjava.so
7f19e6ccf000-7f19e6ece000 ---p 0002a000 103:02 11666428                  /home/skeris/Загрузки/GoLand-2019.1/jre64/lib/amd64/libjava.so
7f19e6ece000-7f19e6ed0000 rw-p 00029000 103:02 11666428                  /home/skeris/Загрузки/GoLand-2019.1/jre64/lib/amd64/libjava.so
7f19e6ed5000-7f19e6ee4000 r-xp 00000000 103:02 11666457                  /home/skeris/Загрузки/GoLand-2019.1/jre64/lib/amd64/libverify.so
7f19e6ee4000-7f19e70e3000 ---p 0000f000 103:02 11666457                  /home/skeris/Загрузки/GoLand-2019.1/jre64/lib/amd64/libverify.so
7f19e70e3000-7f19e70e5000 rw-p 0000e000 103:02 11666457                  /home/skeris/Загрузки/GoLand-2019.1/jre64/lib/amd64/libverify.so
7f19e70e5000-7f19e70ec000 r-xp 00000000 103:02 660365                    /lib/x86_64-linux-gnu/librt-2.27.so
7f19e70ec000-7f19e72eb000 ---p 00007000 103:02 660365                    /lib/x86_64-linux-gnu/librt-2.27.so
7f19e72eb000-7f19e72ec000 r--p 00006000 103:02 660365                    /lib/x86_64-linux-gnu/librt-2.27.so
7f19e72ec000-7f19e72ed000 rw-p 00007000 103:02 660365                    /lib/x86_64-linux-gnu/librt-2.27.so
7f19e72ed000-7f19e748a000 r-xp 00000000 103:02 660288                    /lib/x86_64-linux-gnu/libm-2.27.so
7f19e748a000-7f19e7689000 ---p 0019d000 103:02 660288                    /lib/x86_64-linux-gnu/libm-2.27.so
7f19e7689000-7f19e768a000 r--p 0019c000 103:02 660288                    /lib/x86_64-linux-gnu/libm-2.27.so
7f19e768a000-7f19e768b000 rw-p 0019d000 103:02 660288                    /lib/x86_64-linux-gnu/libm-2.27.so
7f19e768d000-7f19e82dc000 r-xp 00000000 103:02 11666462                  /home/skeris/Загрузки/GoLand-2019.1/jre64/lib/amd64/server/libjvm.so
7f19e82dc000-7f19e84dc000 ---p 00c4f000 103:02 11666462                  /home/skeris/Загрузки/GoLand-2019.1/jre64/lib/amd64/server/libjvm.so
7f19e84dc000-7f19e85ac000 rw-p 00c4f000 103:02 11666462                  /home/skeris/Загрузки/GoLand-2019.1/jre64/lib/amd64/server/libjvm.so
7f19e85ac000-7f19e85ee000 rw-p 00000000 00:00 0 
7f19e85f5000-7f19e87dc000 r-xp 00000000 103:02 660225                    /lib/x86_64-linux-gnu/libc-2.27.so
7f19e87dc000-7f19e89dc000 ---p 001e7000 103:02 660225                    /lib/x86_64-linux-gnu/libc-2.27.so
7f19e89dc000-7f19e89e0000 r--p 001e7000 103:02 660225                    /lib/x86_64-linux-gnu/libc-2.27.so
7f19e89e0000-7f19e89e2000 rw-p 001eb000 103:02 660225                    /lib/x86_64-linux-gnu/libc-2.27.so
7f19e89e2000-7f19e89e6000 rw-p 00000000 00:00 0 
7f19e89ed000-7f19e89f0000 r-xp 00000000 103:02 660248                    /lib/x86_64-linux-gnu/libdl-2.27.so
7f19e89f0000-7f19e8bef000 ---p 00003000 103:02 660248                    /lib/x86_64-linux-gnu/libdl-2.27.so
7f19e8bef000-7f19e8bf0000 r--p 00002000 103:02 660248                    /lib/x86_64-linux-gnu/libdl-2.27.so
7f19e8bf0000-7f19e8bf1000 rw-p 00003000 103:02 660248                    /lib/x86_64-linux-gnu/libdl-2.27.so
7f19e8bf5000-7f19e8c0a000 r-xp 00000000 103:02 11666409                  /home/skeris/Загрузки/GoLand-2019.1/jre64/lib/amd64/jli/libjli.so
7f19e8c0a000-7f19e8e0a000 ---p 00015000 103:02 11666409                  /home/skeris/Загрузки/GoLand-2019.1/jre64/lib/amd64/jli/libjli.so
7f19e8e0a000-7f19e8e0b000 rw-p 00015000 103:02 11666409                  /home/skeris/Загрузки/GoLand-2019.1/jre64/lib/amd64/jli/libjli.so
7f19e8e0d000-7f19e8e27000 r-xp 00000000 103:02 660357                    /lib/x86_64-linux-gnu/libpthread-2.27.so
7f19e8e27000-7f19e9026000 ---p 0001a000 103:02 660357                    /lib/x86_64-linux-gnu/libpthread-2.27.so
7f19e9026000-7f19e9027000 r--p 00019000 103:02 660357                    /lib/x86_64-linux-gnu/libpthread-2.27.so
7f19e9027000-7f19e9028000 rw-p 0001a000 103:02 660357                    /lib/x86_64-linux-gnu/libpthread-2.27.so
7f19e9028000-7f19e902c000 rw-p 00000000 00:00 0 
7f19e902d000-7f19e9054000 r-xp 00000000 103:02 660197                    /lib/x86_64-linux-gnu/ld-2.27.so
7f19e9055000-7f19e9145000 rw-p 00000000 00:00 0 
7f19e9145000-7f19e914d000 rw-s 00000000 103:02 5646922                   /tmp/hsperfdata_skeris/7709
7f19e9153000-7f19e9154000 ---p 00000000 00:00 0 
7f19e9154000-7f19e9157000 ---p 00000000 00:00 0 
7f19e9157000-7f19e9254000 rw-p 00000000 00:00 0 
7f19e9254000-7f19e9255000 r--p 00027000 103:02 660197                    /lib/x86_64-linux-gnu/ld-2.27.so
7f19e9255000-7f19e9256000 rw-p 00028000 103:02 660197                    /lib/x86_64-linux-gnu/ld-2.27.so
7f19e9256000-7f19e9257000 rw-p 00000000 00:00 0 
7f19e9258000-7f19e9259000 rw-p 00000000 00:00 0 
7f19e9259000-7f19e925a000 r--p 00000000 00:00 0 
7f19e925a000-7f19e925e000 rw-p 00000000 00:00 0 
7ffeb5c04000-7ffeb5c25000 rw-p 00000000 00:00 0                          [stack]
7ffeb5cf5000-7ffeb5cf8000 r--p 00000000 00:00 0                          [vvar]
7ffeb5cf8000-7ffeb5cf9000 r-xp 00000000 00:00 0                          [vdso]
ffffffffff600000-ffffffffff601000 r-xp 00000000 00:00 0                  [vsyscall]

VM Arguments:
java_command: org.jetbrains.git4idea.http.GitAskPassApp Username for 'https://github.com': 
java_class_path (initial): /home/skeris/Загрузки/GoLand-2019.1/plugins/git4idea/lib/git4idea-rt.jar:/home/skeris/Загрузки/GoLand-2019.1/lib/xmlrpc-2.0.1.jar:/home/skeris/Загрузки/GoLand-2019.1/lib/commons-codec-1.10.jar:/home/skeris/Загрузки/GoLand-2019.1/lib/util.jar
Launcher Type: SUN_STANDARD

Environment Variables:
PATH=/usr/lib/git-core:/usr/local/sbin:/usr/local/bin:/usr/sbin:/usr/bin:/sbin:/bin:/usr/games:/usr/local/games:/snap/bin
SHELL=/usr/bin/zsh
DISPLAY=:0

Signal Handlers:
SIGSEGV: [libjvm.so+0xa44f70], sa_mask[0]=11111111011111111101111111111110, sa_flags=SA_RESTART|SA_SIGINFO
SIGBUS: [libjvm.so+0xa44f70], sa_mask[0]=11111111011111111101111111111110, sa_flags=SA_RESTART|SA_SIGINFO
SIGFPE: [libjvm.so+0x8add30], sa_mask[0]=11111111011111111101111111111110, sa_flags=SA_RESTART|SA_SIGINFO
SIGPIPE: [libjvm.so+0x8add30], sa_mask[0]=11111111011111111101111111111110, sa_flags=SA_RESTART|SA_SIGINFO
SIGXFSZ: [libjvm.so+0x8add30], sa_mask[0]=11111111011111111101111111111110, sa_flags=SA_RESTART|SA_SIGINFO
SIGILL: [libjvm.so+0x8add30], sa_mask[0]=11111111011111111101111111111110, sa_flags=SA_RESTART|SA_SIGINFO
SIGUSR1: SIG_DFL, sa_mask[0]=00000000000000000000000000000000, sa_flags=none
SIGUSR2: [libjvm.so+0x8af430], sa_mask[0]=00100000000000000000000000000000, sa_flags=SA_RESTART|SA_SIGINFO
SIGHUP: SIG_DFL, sa_mask[0]=00000000000000000000000000000000, sa_flags=none
SIGINT: SIG_DFL, sa_mask[0]=00000000000000000000000000000000, sa_flags=none
SIGTERM: SIG_DFL, sa_mask[0]=00000000000000000000000000000000, sa_flags=none
SIGQUIT: SIG_DFL, sa_mask[0]=00000000000000000000000000000000, sa_flags=none


---------------  S Y S T E M  ---------------

OS:DISTRIB_ID=Ubuntu
DISTRIB_RELEASE=18.04
DISTRIB_CODENAME=bionic
DISTRIB_DESCRIPTION="Ubuntu 18.04.3 LTS"

uname:Linux 5.0.0-29-generic #31~18.04.1-Ubuntu SMP Thu Sep 12 18:29:21 UTC 2019 x86_64
libc:glibc 2.27 NPTL 2.27 
rlimit: STACK 8192k, CORE 0k, NPROC 27325, NOFILE 4096, AS infinity
load average:68.29 69.71 60.21

/proc/meminfo:
MemTotal:        7130312 kB
MemFree:           98908 kB
MemAvailable:       6328 kB
Buffers:             256 kB
Cached:           270844 kB
SwapCached:         3864 kB
Active:          5776456 kB
Inactive:         830596 kB
Active(anon):    5772316 kB
Inactive(anon):   824640 kB
Active(file):       4140 kB
Inactive(file):     5956 kB
Unevictable:          48 kB
Mlocked:              48 kB
SwapTotal:       2097148 kB
SwapFree:              0 kB
Dirty:                 4 kB
Writeback:             4 kB
AnonPages:       6333292 kB
Mapped:            88064 kB
Shmem:            260660 kB
KReclaimable:      66412 kB
Slab:             137176 kB
SReclaimable:      66412 kB
SUnreclaim:        70764 kB
KernelStack:       20432 kB
PageTables:        83876 kB
NFS_Unstable:          0 kB
Bounce:                0 kB
WritebackTmp:          0 kB
CommitLimit:     5662304 kB
Committed_AS:   17109472 kB
VmallocTotal:   34359738367 kB
VmallocUsed:           0 kB
VmallocChunk:          0 kB
Percpu:             6208 kB
HardwareCorrupted:     0 kB
AnonHugePages:         0 kB
ShmemHugePages:        0 kB
ShmemPmdMapped:        0 kB
CmaTotal:              0 kB
CmaFree:               0 kB
HugePages_Total:       0
HugePages_Free:        0
HugePages_Rsvd:        0
HugePages_Surp:        0
Hugepagesize:       2048 kB
Hugetlb:               0 kB
DirectMap4k:      723956 kB
DirectMap2M:     6551552 kB
DirectMap1G:     1048576 kB

container (cgroup) information:
container_type: cgroupv1
cpu_cpuset_cpus: 0-3
cpu_memory_nodes: 0
active_processor_count: 4
cpu_quota: -1
cpu_period: 100000
cpu_shares: -1
memory_limit_in_bytes: -1
memory_and_swap_limit_in_bytes: -2
memory_soft_limit_in_bytes: -1
memory_usage_in_bytes: 6765002752
memory_max_usage_in_bytes: 5049450496


CPU:total 4 (initial active 4) (4 cores per cpu, 1 threads per core) family 21 model 101 stepping 1, cmov, cx8, fxsr, mmx, sse, sse2, sse3, ssse3, sse4.1, sse4.2, popcnt, avx, avx2, aes, clmul, mmxext, 3dnowpref, lzcnt, sse4a, tsc, tscinvbit, tscinv, bmi1

/proc/cpuinfo:
processor	: 0
vendor_id	: AuthenticAMD
cpu family	: 21
model		: 101
model name	: AMD A8-9600 RADEON R7, 10 COMPUTE CORES 4C+6G
stepping	: 1
microcode	: 0x600611a
cpu MHz		: 3393.326
cache size	: 1024 KB
physical id	: 0
siblings	: 4
core id		: 0
cpu cores	: 2
apicid		: 16
initial apicid	: 0
fpu		: yes
fpu_exception	: yes
cpuid level	: 13
wp		: yes
flags		: fpu vme de pse tsc msr pae mce cx8 apic sep mtrr pge mca cmov pat pse36 clflush mmx fxsr sse sse2 ht syscall nx mmxext fxsr_opt pdpe1gb rdtscp lm constant_tsc rep_good acc_power nopl nonstop_tsc cpuid extd_apicid aperfmperf pni pclmulqdq monitor ssse3 fma cx16 sse4_1 sse4_2 movbe popcnt aes xsave avx f16c rdrand lahf_lm cmp_legacy svm extapic cr8_legacy abm sse4a misalignsse 3dnowprefetch osvw ibs xop skinit wdt lwp fma4 tce nodeid_msr tbm topoext perfctr_core perfctr_nb bpext ptsc mwaitx cpb hw_pstate ssbd ibpb vmmcall fsgsbase bmi1 avx2 smep bmi2 xsaveopt arat npt lbrv svm_lock nrip_save tsc_scale vmcb_clean flushbyasid decodeassists pausefilter pfthreshold avic vgif overflow_recov
bugs		: fxsave_leak sysret_ss_attrs null_seg spectre_v1 spectre_v2 spec_store_bypass
bogomips	: 6188.33
TLB size	: 1536 4K pages
clflush size	: 64
cache_alignment	: 64
address sizes	: 48 bits physical, 48 bits virtual
power management: ts ttp tm 100mhzsteps hwpstate cpb eff_freq_ro acc_power [13]

processor	: 1
vendor_id	: AuthenticAMD
cpu family	: 21
model		: 101
model name	: AMD A8-9600 RADEON R7, 10 COMPUTE CORES 4C+6G
stepping	: 1
microcode	: 0x600611a
cpu MHz		: 3393.598
cache size	: 1024 KB
physical id	: 0
siblings	: 4
core id		: 1
cpu cores	: 2
apicid		: 17
initial apicid	: 1
fpu		: yes
fpu_exception	: yes
cpuid level	: 13
wp		: yes
flags		: fpu vme de pse tsc msr pae mce cx8 apic sep mtrr pge mca cmov pat pse36 clflush mmx fxsr sse sse2 ht syscall nx mmxext fxsr_opt pdpe1gb rdtscp lm constant_tsc rep_good acc_power nopl nonstop_tsc cpuid extd_apicid aperfmperf pni pclmulqdq monitor ssse3 fma cx16 sse4_1 sse4_2 movbe popcnt aes xsave avx f16c rdrand lahf_lm cmp_legacy svm extapic cr8_legacy abm sse4a misalignsse 3dnowprefetch osvw ibs xop skinit wdt lwp fma4 tce nodeid_msr tbm topoext perfctr_core perfctr_nb bpext ptsc mwaitx cpb hw_pstate ssbd ibpb vmmcall fsgsbase bmi1 avx2 smep bmi2 xsaveopt arat npt lbrv svm_lock nrip_save tsc_scale vmcb_clean flushbyasid decodeassists pausefilter pfthreshold avic vgif overflow_recov
bugs		: fxsave_leak sysret_ss_attrs null_seg spectre_v1 spectre_v2 spec_store_bypass
bogomips	: 6188.33
TLB size	: 1536 4K pages
clflush size	: 64
cache_alignment	: 64
address sizes	: 48 bits physical, 48 bits virtual
power management: ts ttp tm 100mhzsteps hwpstate cpb eff_freq_ro acc_power [13]

processor	: 2
vendor_id	: AuthenticAMD
cpu family	: 21
model		: 101
model name	: AMD A8-9600 RADEON R7, 10 COMPUTE CORES 4C+6G
stepping	: 1
microcode	: 0x600611a
cpu MHz		: 2023.212
cache size	: 1024 KB
physical id	: 0
siblings	: 4
core id		: 2
cpu cores	: 2
apicid		: 18
initial apicid	: 2
fpu		: yes
fpu_exception	: yes
cpuid level	: 13
wp		: yes
flags		: fpu vme de pse tsc msr pae mce cx8 apic sep mtrr pge mca cmov pat pse36 clflush mmx fxsr sse sse2 ht syscall nx mmxext fxsr_opt pdpe1gb rdtscp lm constant_tsc rep_good acc_power nopl nonstop_tsc cpuid extd_apicid aperfmperf pni pclmulqdq monitor ssse3 fma cx16 sse4_1 sse4_2 movbe popcnt aes xsave avx f16c rdrand lahf_lm cmp_legacy svm extapic cr8_legacy abm sse4a misalignsse 3dnowprefetch osvw ibs xop skinit wdt lwp fma4 tce nodeid_msr tbm topoext perfctr_core perfctr_nb bpext ptsc mwaitx cpb hw_pstate ssbd ibpb vmmcall fsgsbase bmi1 avx2 smep bmi2 xsaveopt arat npt lbrv svm_lock nrip_save tsc_scale vmcb_clean flushbyasid decodeassists pausefilter pfthreshold avic vgif overflow_recov
bugs		: fxsave_leak sysret_ss_attrs null_seg spectre_v1 spectre_v2 spec_store_bypass
bogomips	: 6188.33
TLB size	: 1536 4K pages
clflush size	: 64
cache_alignment	: 64
address sizes	: 48 bits physical, 48 bits virtual
power management: ts ttp tm 100mhzsteps hwpstate cpb eff_freq_ro acc_power [13]

processor	: 3
vendor_id	: AuthenticAMD
cpu family	: 21
model		: 101
model name	: AMD A8-9600 RADEON R7, 10 COMPUTE CORES 4C+6G
stepping	: 1
microcode	: 0x600611a
cpu MHz		: 1903.387
cache size	: 1024 KB
physical id	: 0
siblings	: 4
core id		: 3
cpu cores	: 2
apicid		: 19
initial apicid	: 3
fpu		: yes
fpu_exception	: yes
cpuid level	: 13
wp		: yes
flags		: fpu vme de pse tsc msr pae mce cx8 apic sep mtrr pge mca cmov pat pse36 clflush mmx fxsr sse sse2 ht syscall nx mmxext fxsr_opt pdpe1gb rdtscp lm constant_tsc rep_good acc_power nopl nonstop_tsc cpuid extd_apicid aperfmperf pni pclmulqdq monitor ssse3 fma cx16 sse4_1 sse4_2 movbe popcnt aes xsave avx f16c rdrand lahf_lm cmp_legacy svm extapic cr8_legacy abm sse4a misalignsse 3dnowprefetch osvw ibs xop skinit wdt lwp fma4 tce nodeid_msr tbm topoext perfctr_core perfctr_nb bpext ptsc mwaitx cpb hw_pstate ssbd ibpb vmmcall fsgsbase bmi1 avx2 smep bmi2 xsaveopt arat npt lbrv svm_lock nrip_save tsc_scale vmcb_clean flushbyasid decodeassists pausefilter pfthreshold avic vgif overflow_recov
bugs		: fxsave_leak sysret_ss_attrs null_seg spectre_v1 spectre_v2 spec_store_bypass
bogomips	: 6188.33
TLB size	: 1536 4K pages
clflush size	: 64
cache_alignment	: 64
address sizes	: 48 bits physical, 48 bits virtual
power management: ts ttp tm 100mhzsteps hwpstate cpb eff_freq_ro acc_power [13]



Memory: 4k page, physical 7130312k(96304k free), swap 2097148k(0k free)

vm_info: OpenJDK 64-Bit Server VM (25.202-b39) for linux-amd64 JRE (1.8.0_202-release-1483-b39), built on Mar  7 2019 20:05:01 by "root" with gcc 4.4.7 20120313 (Red Hat 4.4.7-16)

time: Tue Sep 24 09:40:05 2019
timezone: MSK
elapsed time: 164 seconds (0d 0h 2m 44s)

