#
# There is insufficient memory for the Java Runtime Environment to continue.
# Native memory allocation (mmap) failed to map 77070336 bytes for committing reserved memory.
# Possible reasons:
#   The system is out of physical RAM or swap space
#   The process is running with CompressedOops enabled, and the Java Heap may be blocking the growth of the native heap
# Possible solutions:
#   Reduce memory load on the system
#   Increase physical memory or swap space
#   Check if swap backing store is full
#   Decrease Java heap size (-Xmx/-Xms)
#   Decrease number of Java threads
#   Decrease Java thread stack sizes (-Xss)
#   Set larger code cache with -XX:ReservedCodeCacheSize=
# This output file may be truncated or incomplete.
#
#  Out of Memory Error (os_linux.cpp:2753), pid=4490, tid=0x00007f46fa1f4700
#
# JRE version:  (8.0_202-b39) (build )
# Java VM: OpenJDK 64-Bit Server VM (25.202-b39 mixed mode linux-amd64 compressed oops)
# Failed to write core dump. Core dumps have been disabled. To enable core dumping, try "ulimit -c unlimited" before starting Java again
#

---------------  T H R E A D  ---------------

Current thread (0x00007f46f400b800):  JavaThread "Unknown thread" [_thread_in_vm, id=4491, stack(0x00007f46fa0f5000,0x00007f46fa1f5000)]

Stack: [0x00007f46fa0f5000,0x00007f46fa1f5000],  sp=0x00007f46fa1f33e0,  free space=1016k
Native frames: (J=compiled Java code, j=interpreted, Vv=VM code, C=native code)
V  [libjvm.so+0xa4458e]  VMError::report_and_die()+0x14e
V  [libjvm.so+0x4dfff9]  report_vm_out_of_memory(char const*, int, unsigned long, VMErrorType, char const*)+0x99
V  [libjvm.so+0x8b4313]  os::Linux::commit_memory_impl(char*, unsigned long, bool)+0x113
V  [libjvm.so+0x8b4539]  os::pd_commit_memory(char*, unsigned long, unsigned long, bool)+0x29
V  [libjvm.so+0x8a95ca]  os::commit_memory(char*, unsigned long, unsigned long, bool)+0x2a
V  [libjvm.so+0x91906b]  PSVirtualSpace::expand_by(unsigned long)+0x6b
V  [libjvm.so+0x909659]  PSOldGen::initialize(ReservedSpace, unsigned long, char const*, int)+0xc9
V  [libjvm.so+0x2d224e]  AdjoiningGenerations::AdjoiningGenerations(ReservedSpace, GenerationSizer*, unsigned long)+0x38e
V  [libjvm.so+0x8d1197]  ParallelScavengeHeap::initialize()+0x1e7
V  [libjvm.so+0xa0efd1]  Universe::initialize_heap()+0x101
V  [libjvm.so+0xa10083]  universe_init()+0x33
V  [libjvm.so+0x60d435]  init_globals()+0x55
V  [libjvm.so+0x9f4aa7]  Threads::create_vm(JavaVMInitArgs*, bool*)+0x207
V  [libjvm.so+0x6723c4]  JNI_CreateJavaVM+0x74
C  [libjli.so+0x75f7]  JavaMain+0x87
C  [libpthread.so.0+0x76db]  start_thread+0xdb


---------------  P R O C E S S  ---------------

Java Threads: ( => current thread )

Other Threads:

=>0x00007f46f400b800 (exited) JavaThread "Unknown thread" [_thread_in_vm, id=4491, stack(0x00007f46fa0f5000,0x00007f46fa1f5000)]

VM state:not at safepoint (not fully initialized)

VM Mutex/Monitor currently owned by a thread: None

heap address: 0x0000000093200000, size: 1742 MB, Compressed Oops mode: Non-zero based:0x00000000931ff000
Narrow klass base: 0x0000000000000000, Narrow klass shift: 0

GC Heap History (0 events):
No events

Deoptimization events (0 events):
No events

Classes redefined (0 events):
No events

Internal exceptions (0 events):
No events

Events (0 events):
No events


Dynamic libraries:
00400000-00401000 r-xp 00000000 103:02 11666563                          /home/skeris/Загрузки/GoLand-2019.1/jre64/bin/java
00600000-00601000 rw-p 00000000 103:02 11666563                          /home/skeris/Загрузки/GoLand-2019.1/jre64/bin/java
008c7000-008e8000 rw-p 00000000 00:00 0                                  [heap]
97b80000-dbb80000 ---p 00000000 00:00 0 
dbb80000-de000000 rw-p 00000000 00:00 0 
de000000-100000000 ---p 00000000 00:00 0 
7f46e3892000-7f46e3a1e000 rw-p 00000000 00:00 0 
7f46e3a1e000-7f46e3c62000 ---p 00000000 00:00 0 
7f46e3c62000-7f46e3c75000 rw-p 00000000 00:00 0 
7f46e3c75000-7f46e3d85000 ---p 00000000 00:00 0 
7f46e3d85000-7f46e3d90000 rw-p 00000000 00:00 0 
7f46e3d90000-7f46e4146000 ---p 00000000 00:00 0 
7f46e4146000-7f46e43b6000 rwxp 00000000 00:00 0 
7f46e43b6000-7f46f3146000 ---p 00000000 00:00 0 
7f46f3146000-7f46f3161000 r-xp 00000000 103:02 11666458                  /home/skeris/Загрузки/GoLand-2019.1/jre64/lib/amd64/libzip.so
7f46f3161000-7f46f3360000 ---p 0001b000 103:02 11666458                  /home/skeris/Загрузки/GoLand-2019.1/jre64/lib/amd64/libzip.so
7f46f3360000-7f46f3361000 rw-p 0001a000 103:02 11666458                  /home/skeris/Загрузки/GoLand-2019.1/jre64/lib/amd64/libzip.so
7f46f3366000-7f46f3371000 r-xp 00000000 103:02 660315                    /lib/x86_64-linux-gnu/libnss_files-2.27.so
7f46f3371000-7f46f3570000 ---p 0000b000 103:02 660315                    /lib/x86_64-linux-gnu/libnss_files-2.27.so
7f46f3570000-7f46f3571000 r--p 0000a000 103:02 660315                    /lib/x86_64-linux-gnu/libnss_files-2.27.so
7f46f3571000-7f46f3572000 rw-p 0000b000 103:02 660315                    /lib/x86_64-linux-gnu/libnss_files-2.27.so
7f46f3572000-7f46f3578000 rw-p 00000000 00:00 0 
7f46f357e000-7f46f3595000 r-xp 00000000 103:02 660309                    /lib/x86_64-linux-gnu/libnsl-2.27.so
7f46f3595000-7f46f3794000 ---p 00017000 103:02 660309                    /lib/x86_64-linux-gnu/libnsl-2.27.so
7f46f3794000-7f46f3795000 r--p 00016000 103:02 660309                    /lib/x86_64-linux-gnu/libnsl-2.27.so
7f46f3795000-7f46f3796000 rw-p 00017000 103:02 660309                    /lib/x86_64-linux-gnu/libnsl-2.27.so
7f46f3796000-7f46f3798000 rw-p 00000000 00:00 0 
7f46f379e000-7f46f37a9000 r-xp 00000000 103:02 660325                    /lib/x86_64-linux-gnu/libnss_nis-2.27.so
7f46f37a9000-7f46f39a8000 ---p 0000b000 103:02 660325                    /lib/x86_64-linux-gnu/libnss_nis-2.27.so
7f46f39a8000-7f46f39a9000 r--p 0000a000 103:02 660325                    /lib/x86_64-linux-gnu/libnss_nis-2.27.so
7f46f39a9000-7f46f39aa000 rw-p 0000b000 103:02 660325                    /lib/x86_64-linux-gnu/libnss_nis-2.27.so
7f46f39ae000-7f46f39b6000 r-xp 00000000 103:02 660311                    /lib/x86_64-linux-gnu/libnss_compat-2.27.so
7f46f39b6000-7f46f3bb6000 ---p 00008000 103:02 660311                    /lib/x86_64-linux-gnu/libnss_compat-2.27.so
7f46f3bb6000-7f46f3bb7000 r--p 00008000 103:02 660311                    /lib/x86_64-linux-gnu/libnss_compat-2.27.so
7f46f3bb7000-7f46f3bb8000 rw-p 00009000 103:02 660311                    /lib/x86_64-linux-gnu/libnss_compat-2.27.so
7f46f3bbe000-7f46f3be8000 r-xp 00000000 103:02 11666428                  /home/skeris/Загрузки/GoLand-2019.1/jre64/lib/amd64/libjava.so
7f46f3be8000-7f46f3de7000 ---p 0002a000 103:02 11666428                  /home/skeris/Загрузки/GoLand-2019.1/jre64/lib/amd64/libjava.so
7f46f3de7000-7f46f3de9000 rw-p 00029000 103:02 11666428                  /home/skeris/Загрузки/GoLand-2019.1/jre64/lib/amd64/libjava.so
7f46f3dee000-7f46f3dfd000 r-xp 00000000 103:02 11666457                  /home/skeris/Загрузки/GoLand-2019.1/jre64/lib/amd64/libverify.so
7f46f3dfd000-7f46f3ffc000 ---p 0000f000 103:02 11666457                  /home/skeris/Загрузки/GoLand-2019.1/jre64/lib/amd64/libverify.so
7f46f3ffc000-7f46f3ffe000 rw-p 0000e000 103:02 11666457                  /home/skeris/Загрузки/GoLand-2019.1/jre64/lib/amd64/libverify.so
7f46f4000000-7f46f4035000 rw-p 00000000 00:00 0 
7f46f4035000-7f46f8000000 ---p 00000000 00:00 0 
7f46f8086000-7f46f808d000 r-xp 00000000 103:02 660365                    /lib/x86_64-linux-gnu/librt-2.27.so
7f46f808d000-7f46f828c000 ---p 00007000 103:02 660365                    /lib/x86_64-linux-gnu/librt-2.27.so
7f46f828c000-7f46f828d000 r--p 00006000 103:02 660365                    /lib/x86_64-linux-gnu/librt-2.27.so
7f46f828d000-7f46f828e000 rw-p 00007000 103:02 660365                    /lib/x86_64-linux-gnu/librt-2.27.so
7f46f828e000-7f46f842b000 r-xp 00000000 103:02 660288                    /lib/x86_64-linux-gnu/libm-2.27.so
7f46f842b000-7f46f862a000 ---p 0019d000 103:02 660288                    /lib/x86_64-linux-gnu/libm-2.27.so
7f46f862a000-7f46f862b000 r--p 0019c000 103:02 660288                    /lib/x86_64-linux-gnu/libm-2.27.so
7f46f862b000-7f46f862c000 rw-p 0019d000 103:02 660288                    /lib/x86_64-linux-gnu/libm-2.27.so
7f46f862e000-7f46f927d000 r-xp 00000000 103:02 11666462                  /home/skeris/Загрузки/GoLand-2019.1/jre64/lib/amd64/server/libjvm.so
7f46f927d000-7f46f947d000 ---p 00c4f000 103:02 11666462                  /home/skeris/Загрузки/GoLand-2019.1/jre64/lib/amd64/server/libjvm.so
7f46f947d000-7f46f954d000 rw-p 00c4f000 103:02 11666462                  /home/skeris/Загрузки/GoLand-2019.1/jre64/lib/amd64/server/libjvm.so
7f46f954d000-7f46f958f000 rw-p 00000000 00:00 0 
7f46f9596000-7f46f977d000 r-xp 00000000 103:02 660225                    /lib/x86_64-linux-gnu/libc-2.27.so
7f46f977d000-7f46f997d000 ---p 001e7000 103:02 660225                    /lib/x86_64-linux-gnu/libc-2.27.so
7f46f997d000-7f46f9981000 r--p 001e7000 103:02 660225                    /lib/x86_64-linux-gnu/libc-2.27.so
7f46f9981000-7f46f9983000 rw-p 001eb000 103:02 660225                    /lib/x86_64-linux-gnu/libc-2.27.so
7f46f9983000-7f46f9987000 rw-p 00000000 00:00 0 
7f46f998e000-7f46f9991000 r-xp 00000000 103:02 660248                    /lib/x86_64-linux-gnu/libdl-2.27.so
7f46f9991000-7f46f9b90000 ---p 00003000 103:02 660248                    /lib/x86_64-linux-gnu/libdl-2.27.so
7f46f9b90000-7f46f9b91000 r--p 00002000 103:02 660248                    /lib/x86_64-linux-gnu/libdl-2.27.so
7f46f9b91000-7f46f9b92000 rw-p 00003000 103:02 660248                    /lib/x86_64-linux-gnu/libdl-2.27.so
7f46f9b96000-7f46f9bab000 r-xp 00000000 103:02 11666409                  /home/skeris/Загрузки/GoLand-2019.1/jre64/lib/amd64/jli/libjli.so
7f46f9bab000-7f46f9dab000 ---p 00015000 103:02 11666409                  /home/skeris/Загрузки/GoLand-2019.1/jre64/lib/amd64/jli/libjli.so
7f46f9dab000-7f46f9dac000 rw-p 00015000 103:02 11666409                  /home/skeris/Загрузки/GoLand-2019.1/jre64/lib/amd64/jli/libjli.so
7f46f9dae000-7f46f9dc8000 r-xp 00000000 103:02 660357                    /lib/x86_64-linux-gnu/libpthread-2.27.so
7f46f9dc8000-7f46f9fc7000 ---p 0001a000 103:02 660357                    /lib/x86_64-linux-gnu/libpthread-2.27.so
7f46f9fc7000-7f46f9fc8000 r--p 00019000 103:02 660357                    /lib/x86_64-linux-gnu/libpthread-2.27.so
7f46f9fc8000-7f46f9fc9000 rw-p 0001a000 103:02 660357                    /lib/x86_64-linux-gnu/libpthread-2.27.so
7f46f9fc9000-7f46f9fcd000 rw-p 00000000 00:00 0 
7f46f9fce000-7f46f9ff5000 r-xp 00000000 103:02 660197                    /lib/x86_64-linux-gnu/ld-2.27.so
7f46f9ff6000-7f46fa0e6000 rw-p 00000000 00:00 0 
7f46fa0e6000-7f46fa0ee000 rw-s 00000000 103:02 5906272                   /tmp/hsperfdata_skeris/4490
7f46fa0f2000-7f46fa0f3000 rw-p 00000000 00:00 0 
7f46fa0f3000-7f46fa0f4000 r--p 00000000 00:00 0 
7f46fa0f4000-7f46fa0f5000 ---p 00000000 00:00 0 
7f46fa0f5000-7f46fa0f8000 ---p 00000000 00:00 0 
7f46fa0f8000-7f46fa1f5000 rw-p 00000000 00:00 0 
7f46fa1f5000-7f46fa1f6000 r--p 00027000 103:02 660197                    /lib/x86_64-linux-gnu/ld-2.27.so
7f46fa1f6000-7f46fa1f7000 rw-p 00028000 103:02 660197                    /lib/x86_64-linux-gnu/ld-2.27.so
7f46fa1f7000-7f46fa1fa000 rw-p 00000000 00:00 0 
7f46fa1fa000-7f46fa1fc000 rw-p 00000000 00:00 0 
7ffc7e4f0000-7ffc7e511000 rw-p 00000000 00:00 0                          [stack]
7ffc7e5f6000-7ffc7e5f9000 r--p 00000000 00:00 0                          [vvar]
7ffc7e5f9000-7ffc7e5fa000 r-xp 00000000 00:00 0                          [vdso]
ffffffffff600000-ffffffffff601000 r-xp 00000000 00:00 0                  [vsyscall]

VM Arguments:
java_command: org.jetbrains.git4idea.http.GitAskPassApp Username for 'https://github.com': 
java_class_path (initial): /home/skeris/Загрузки/GoLand-2019.1/plugins/git4idea/lib/git4idea-rt.jar:/home/skeris/Загрузки/GoLand-2019.1/lib/xmlrpc-2.0.1.jar:/home/skeris/Загрузки/GoLand-2019.1/lib/commons-codec-1.10.jar:/home/skeris/Загрузки/GoLand-2019.1/lib/util.jar
Launcher Type: SUN_STANDARD

Environment Variables:
PATH=/usr/lib/git-core:/usr/local/sbin:/usr/local/bin:/usr/sbin:/usr/bin:/sbin:/bin:/usr/games:/usr/local/games:/snap/bin
SHELL=/usr/bin/zsh
DISPLAY=:0

Signal Handlers:
SIGSEGV: [libjvm.so+0xa44f70], sa_mask[0]=11111111011111111101111111111110, sa_flags=SA_RESTART|SA_SIGINFO
SIGBUS: [libjvm.so+0xa44f70], sa_mask[0]=11111111011111111101111111111110, sa_flags=SA_RESTART|SA_SIGINFO
SIGFPE: [libjvm.so+0x8add30], sa_mask[0]=11111111011111111101111111111110, sa_flags=SA_RESTART|SA_SIGINFO
SIGPIPE: [libjvm.so+0x8add30], sa_mask[0]=11111111011111111101111111111110, sa_flags=SA_RESTART|SA_SIGINFO
SIGXFSZ: [libjvm.so+0x8add30], sa_mask[0]=11111111011111111101111111111110, sa_flags=SA_RESTART|SA_SIGINFO
SIGILL: [libjvm.so+0x8add30], sa_mask[0]=11111111011111111101111111111110, sa_flags=SA_RESTART|SA_SIGINFO
SIGUSR1: SIG_DFL, sa_mask[0]=00000000000000000000000000000000, sa_flags=none
SIGUSR2: [libjvm.so+0x8af430], sa_mask[0]=00100000000000000000000000000000, sa_flags=SA_RESTART|SA_SIGINFO
SIGHUP: SIG_DFL, sa_mask[0]=00000000000000000000000000000000, sa_flags=none
SIGINT: SIG_DFL, sa_mask[0]=00000000000000000000000000000000, sa_flags=none
SIGTERM: SIG_DFL, sa_mask[0]=00000000000000000000000000000000, sa_flags=none
SIGQUIT: SIG_DFL, sa_mask[0]=00000000000000000000000000000000, sa_flags=none


---------------  S Y S T E M  ---------------

OS:DISTRIB_ID=Ubuntu
DISTRIB_RELEASE=18.04
DISTRIB_CODENAME=bionic
DISTRIB_DESCRIPTION="Ubuntu 18.04.3 LTS"

uname:Linux 5.0.0-29-generic #31~18.04.1-Ubuntu SMP Thu Sep 12 18:29:21 UTC 2019 x86_64
libc:glibc 2.27 NPTL 2.27 
rlimit: STACK 8192k, CORE 0k, NPROC 27325, NOFILE 4096, AS infinity
load average:4.78 2.89 1.67

/proc/meminfo:
MemTotal:        7130312 kB
MemFree:           98856 kB
MemAvailable:      11664 kB
Buffers:             892 kB
Cached:           197012 kB
SwapCached:           52 kB
Active:          5813532 kB
Inactive:         844304 kB
Active(anon):    5804672 kB
Inactive(anon):   829404 kB
Active(file):       8860 kB
Inactive(file):    14900 kB
Unevictable:          48 kB
Mlocked:              48 kB
SwapTotal:       2097148 kB
SwapFree:              0 kB
Dirty:                84 kB
Writeback:             0 kB
AnonPages:       6460308 kB
Mapped:            20492 kB
Shmem:            173764 kB
KReclaimable:      63528 kB
Slab:             132144 kB
SReclaimable:      63528 kB
SUnreclaim:        68616 kB
KernelStack:       21296 kB
PageTables:        75116 kB
NFS_Unstable:          0 kB
Bounce:                0 kB
WritebackTmp:          0 kB
CommitLimit:     5662304 kB
Committed_AS:   16449280 kB
VmallocTotal:   34359738367 kB
VmallocUsed:           0 kB
VmallocChunk:          0 kB
Percpu:             6400 kB
HardwareCorrupted:     0 kB
AnonHugePages:         0 kB
ShmemHugePages:        0 kB
ShmemPmdMapped:        0 kB
CmaTotal:              0 kB
CmaFree:               0 kB
HugePages_Total:       0
HugePages_Free:        0
HugePages_Rsvd:        0
HugePages_Surp:        0
Hugepagesize:       2048 kB
Hugetlb:               0 kB
DirectMap4k:      474100 kB
DirectMap2M:     6801408 kB
DirectMap1G:     1048576 kB

container (cgroup) information:
container_type: cgroupv1
cpu_cpuset_cpus: 0-3
cpu_memory_nodes: 0
active_processor_count: 4
cpu_quota: -1
cpu_period: 100000
cpu_shares: -1
memory_limit_in_bytes: -1
memory_and_swap_limit_in_bytes: -2
memory_soft_limit_in_bytes: -1
memory_usage_in_bytes: 6818910208
memory_max_usage_in_bytes: 1105178624


CPU:total 4 (initial active 4) (4 cores per cpu, 1 threads per core) family 21 model 101 stepping 1, cmov, cx8, fxsr, mmx, sse, sse2, sse3, ssse3, sse4.1, sse4.2, popcnt, avx, avx2, aes, clmul, mmxext, 3dnowpref, lzcnt, sse4a, tsc, tscinvbit, tscinv, bmi1

/proc/cpuinfo:
processor	: 0
vendor_id	: AuthenticAMD
cpu family	: 21
model		: 101
model name	: AMD A8-9600 RADEON R7, 10 COMPUTE CORES 4C+6G
stepping	: 1
microcode	: 0x600611a
cpu MHz		: 3193.648
cache size	: 1024 KB
physical id	: 0
siblings	: 4
core id		: 0
cpu cores	: 2
apicid		: 16
initial apicid	: 0
fpu		: yes
fpu_exception	: yes
cpuid level	: 13
wp		: yes
flags		: fpu vme de pse tsc msr pae mce cx8 apic sep mtrr pge mca cmov pat pse36 clflush mmx fxsr sse sse2 ht syscall nx mmxext fxsr_opt pdpe1gb rdtscp lm constant_tsc rep_good acc_power nopl nonstop_tsc cpuid extd_apicid aperfmperf pni pclmulqdq monitor ssse3 fma cx16 sse4_1 sse4_2 movbe popcnt aes xsave avx f16c rdrand lahf_lm cmp_legacy svm extapic cr8_legacy abm sse4a misalignsse 3dnowprefetch osvw ibs xop skinit wdt lwp fma4 tce nodeid_msr tbm topoext perfctr_core perfctr_nb bpext ptsc mwaitx cpb hw_pstate ssbd ibpb vmmcall fsgsbase bmi1 avx2 smep bmi2 xsaveopt arat npt lbrv svm_lock nrip_save tsc_scale vmcb_clean flushbyasid decodeassists pausefilter pfthreshold avic vgif overflow_recov
bugs		: fxsave_leak sysret_ss_attrs null_seg spectre_v1 spectre_v2 spec_store_bypass
bogomips	: 6188.40
TLB size	: 1536 4K pages
clflush size	: 64
cache_alignment	: 64
address sizes	: 48 bits physical, 48 bits virtual
power management: ts ttp tm 100mhzsteps hwpstate cpb eff_freq_ro acc_power [13]

processor	: 1
vendor_id	: AuthenticAMD
cpu family	: 21
model		: 101
model name	: AMD A8-9600 RADEON R7, 10 COMPUTE CORES 4C+6G
stepping	: 1
microcode	: 0x600611a
cpu MHz		: 3194.014
cache size	: 1024 KB
physical id	: 0
siblings	: 4
core id		: 1
cpu cores	: 2
apicid		: 17
initial apicid	: 1
fpu		: yes
fpu_exception	: yes
cpuid level	: 13
wp		: yes
flags		: fpu vme de pse tsc msr pae mce cx8 apic sep mtrr pge mca cmov pat pse36 clflush mmx fxsr sse sse2 ht syscall nx mmxext fxsr_opt pdpe1gb rdtscp lm constant_tsc rep_good acc_power nopl nonstop_tsc cpuid extd_apicid aperfmperf pni pclmulqdq monitor ssse3 fma cx16 sse4_1 sse4_2 movbe popcnt aes xsave avx f16c rdrand lahf_lm cmp_legacy svm extapic cr8_legacy abm sse4a misalignsse 3dnowprefetch osvw ibs xop skinit wdt lwp fma4 tce nodeid_msr tbm topoext perfctr_core perfctr_nb bpext ptsc mwaitx cpb hw_pstate ssbd ibpb vmmcall fsgsbase bmi1 avx2 smep bmi2 xsaveopt arat npt lbrv svm_lock nrip_save tsc_scale vmcb_clean flushbyasid decodeassists pausefilter pfthreshold avic vgif overflow_recov
bugs		: fxsave_leak sysret_ss_attrs null_seg spectre_v1 spectre_v2 spec_store_bypass
bogomips	: 6188.40
TLB size	: 1536 4K pages
clflush size	: 64
cache_alignment	: 64
address sizes	: 48 bits physical, 48 bits virtual
power management: ts ttp tm 100mhzsteps hwpstate cpb eff_freq_ro acc_power [13]

processor	: 2
vendor_id	: AuthenticAMD
cpu family	: 21
model		: 101
model name	: AMD A8-9600 RADEON R7, 10 COMPUTE CORES 4C+6G
stepping	: 1
microcode	: 0x600611a
cpu MHz		: 2253.649
cache size	: 1024 KB
physical id	: 0
siblings	: 4
core id		: 2
cpu cores	: 2
apicid		: 18
initial apicid	: 2
fpu		: yes
fpu_exception	: yes
cpuid level	: 13
wp		: yes
flags		: fpu vme de pse tsc msr pae mce cx8 apic sep mtrr pge mca cmov pat pse36 clflush mmx fxsr sse sse2 ht syscall nx mmxext fxsr_opt pdpe1gb rdtscp lm constant_tsc rep_good acc_power nopl nonstop_tsc cpuid extd_apicid aperfmperf pni pclmulqdq monitor ssse3 fma cx16 sse4_1 sse4_2 movbe popcnt aes xsave avx f16c rdrand lahf_lm cmp_legacy svm extapic cr8_legacy abm sse4a misalignsse 3dnowprefetch osvw ibs xop skinit wdt lwp fma4 tce nodeid_msr tbm topoext perfctr_core perfctr_nb bpext ptsc mwaitx cpb hw_pstate ssbd ibpb vmmcall fsgsbase bmi1 avx2 smep bmi2 xsaveopt arat npt lbrv svm_lock nrip_save tsc_scale vmcb_clean flushbyasid decodeassists pausefilter pfthreshold avic vgif overflow_recov
bugs		: fxsave_leak sysret_ss_attrs null_seg spectre_v1 spectre_v2 spec_store_bypass
bogomips	: 6188.40
TLB size	: 1536 4K pages
clflush size	: 64
cache_alignment	: 64
address sizes	: 48 bits physical, 48 bits virtual
power management: ts ttp tm 100mhzsteps hwpstate cpb eff_freq_ro acc_power [13]

processor	: 3
vendor_id	: AuthenticAMD
cpu family	: 21
model		: 101
model name	: AMD A8-9600 RADEON R7, 10 COMPUTE CORES 4C+6G
stepping	: 1
microcode	: 0x600611a
cpu MHz		: 2221.495
cache size	: 1024 KB
physical id	: 0
siblings	: 4
core id		: 3
cpu cores	: 2
apicid		: 19
initial apicid	: 3
fpu		: yes
fpu_exception	: yes
cpuid level	: 13
wp		: yes
flags		: fpu vme de pse tsc msr pae mce cx8 apic sep mtrr pge mca cmov pat pse36 clflush mmx fxsr sse sse2 ht syscall nx mmxext fxsr_opt pdpe1gb rdtscp lm constant_tsc rep_good acc_power nopl nonstop_tsc cpuid extd_apicid aperfmperf pni pclmulqdq monitor ssse3 fma cx16 sse4_1 sse4_2 movbe popcnt aes xsave avx f16c rdrand lahf_lm cmp_legacy svm extapic cr8_legacy abm sse4a misalignsse 3dnowprefetch osvw ibs xop skinit wdt lwp fma4 tce nodeid_msr tbm topoext perfctr_core perfctr_nb bpext ptsc mwaitx cpb hw_pstate ssbd ibpb vmmcall fsgsbase bmi1 avx2 smep bmi2 xsaveopt arat npt lbrv svm_lock nrip_save tsc_scale vmcb_clean flushbyasid decodeassists pausefilter pfthreshold avic vgif overflow_recov
bugs		: fxsave_leak sysret_ss_attrs null_seg spectre_v1 spectre_v2 spec_store_bypass
bogomips	: 6188.40
TLB size	: 1536 4K pages
clflush size	: 64
cache_alignment	: 64
address sizes	: 48 bits physical, 48 bits virtual
power management: ts ttp tm 100mhzsteps hwpstate cpb eff_freq_ro acc_power [13]



Memory: 4k page, physical 7130312k(97472k free), swap 2097148k(0k free)

vm_info: OpenJDK 64-Bit Server VM (25.202-b39) for linux-amd64 JRE (1.8.0_202-release-1483-b39), built on Mar  7 2019 20:05:01 by "root" with gcc 4.4.7 20120313 (Red Hat 4.4.7-16)

time: Wed Oct  2 07:19:54 2019
timezone: MSK
elapsed time: 0 seconds (0d 0h 0m 0s)

